{
  "RSpec": {
    "coverage": {
      "/Users/shailykhamesra/bank_system/spec/controllers/accounts_controller_spec.rb": [
        1,
        1,
        1,
        1,
        1,
        1,
        null,
        null,
        1,
        1,
        1,
        1,
        1,
        null,
        1,
        1,
        1,
        1,
        null,
        null,
        1,
        1,
        1,
        1,
        1,
        null,
        1,
        1,
        1,
        null,
        1,
        1,
        1,
        1,
        null,
        1,
        1,
        1,
        1,
        null,
        null,
        1,
        1,
        1,
        1,
        1,
        1,
        1,
        null,
        1,
        1,
        1,
        1,
        null,
        null,
        1,
        1,
        1,
        1,
        1,
        null,
        1,
        1,
        1,
        1,
        null,
        null,
        null
      ],
      "/Users/shailykhamesra/bank_system/spec/rails_helper.rb": [
        null,
        1,
        1,
        1,
        null,
        1,
        1,
        null,
        null,
        null,
        null,
        null,
        null,
        null,
        null,
        null,
        null,
        null,
        null,
        null,
        null,
        null,
        null,
        null,
        null,
        null,
        1,
        null,
        1,
        null,
        1,
        null,
        null,
        null,
        null,
        1,
        null,
        null,
        null,
        null,
        null,
        null,
        null,
        null,
        null,
        null,
        null,
        null,
        null,
        null,
        1,
        null,
        null,
        1,
        null,
        null,
        null
      ],
      "/Users/shailykhamesra/bank_system/config/environment.rb": [
        null,
        1,
        null,
        null,
        1
      ],
      "/Users/shailykhamesra/bank_system/config/application.rb": [
        1,
        null,
        1,
        null,
        null,
        null,
        1,
        null,
        1,
        1,
        null,
        1,
        null,
        null,
        null,
        null,
        null,
        null
      ],
      "/Users/shailykhamesra/bank_system/config/boot.rb": [
        1,
        null,
        1
      ],
      "/Users/shailykhamesra/bank_system/config/environments/test.rb": [
        1,
        null,
        null,
        null,
        null,
        null,
        null,
        1,
        null,
        null,
        null,
        null,
        1,
        null,
        null,
        1,
        1,
        null,
        null,
        null,
        null,
        1,
        1,
        null,
        null,
        1,
        null,
        null,
        1,
        1,
        null,
        null,
        null,
        null,
        1,
        null,
        null,
        1,
        null,
        null,
        null,
        null
      ],
      "/Users/shailykhamesra/bank_system/config/initializers/application_controller_renderer.rb": [
        null,
        null,
        null,
        null,
        null,
        null,
        null,
        null
      ],
      "/Users/shailykhamesra/bank_system/config/initializers/assets.rb": [
        null,
        null,
        null,
        1,
        null,
        null,
        null,
        null,
        1,
        null,
        null,
        null,
        null,
        null
      ],
      "/Users/shailykhamesra/bank_system/config/initializers/backtrace_silencers.rb": [
        null,
        null,
        null,
        null,
        null,
        null,
        null
      ],
      "/Users/shailykhamesra/bank_system/config/initializers/cookies_serializer.rb": [
        null,
        null,
        null,
        null,
        1
      ],
      "/Users/shailykhamesra/bank_system/config/initializers/filter_parameter_logging.rb": [
        null,
        null,
        null,
        1
      ],
      "/Users/shailykhamesra/bank_system/config/initializers/inflections.rb": [
        null,
        null,
        null,
        null,
        null,
        null,
        null,
        null,
        null,
        null,
        null,
        null,
        null,
        null,
        null,
        null
      ],
      "/Users/shailykhamesra/bank_system/config/initializers/mime_types.rb": [
        null,
        null,
        null,
        null
      ],
      "/Users/shailykhamesra/bank_system/config/initializers/wrap_parameters.rb": [
        null,
        null,
        null,
        null,
        null,
        null,
        1,
        2,
        null,
        null,
        null,
        null,
        null,
        null
      ],
      "/Users/shailykhamesra/bank_system/spec/factories/accounts.rb": [
        1,
        1,
        1,
        1,
        1,
        null,
        null
      ],
      "/Users/shailykhamesra/bank_system/spec/factories/banks.rb": [
        1,
        1,
        1,
        1,
        1,
        null,
        null
      ],
      "/Users/shailykhamesra/bank_system/spec/factories/customers.rb": [
        1,
        1,
        1,
        1,
        1,
        1,
        null,
        null
      ],
      "/Users/shailykhamesra/bank_system/spec/factories/loans.rb": [
        1,
        1,
        1,
        1,
        null,
        null
      ],
      "/Users/shailykhamesra/bank_system/spec/factories/lockers.rb": [
        1,
        1,
        1,
        1,
        null,
        null
      ],
      "/Users/shailykhamesra/bank_system/spec/factories/transactions.rb": [
        1,
        1,
        1,
        1,
        null,
        null
      ],
      "/Users/shailykhamesra/bank_system/config/routes.rb": [
        1,
        1,
        1,
        1,
        1,
        1,
        1,
        1,
        1,
        null
      ],
      "/Users/shailykhamesra/bank_system/app/helpers/application_helper.rb": [
        1,
        null
      ],
      "/Users/shailykhamesra/bank_system/app/controllers/accounts_controller.rb": [
        1,
        1,
        1,
        1,
        2,
        1,
        null,
        null,
        null,
        1,
        2,
        2,
        2,
        2,
        1,
        null,
        2,
        1,
        null,
        null,
        null,
        null,
        1,
        0,
        null,
        null,
        1,
        0,
        0,
        0,
        0,
        0,
        null,
        0,
        0,
        null,
        null,
        null,
        null,
        1,
        4,
        4,
        4,
        4,
        2,
        1,
        null,
        6,
        3,
        null,
        null,
        0,
        0,
        null,
        null,
        null,
        null,
        1,
        2,
        2,
        2,
        2,
        2,
        1,
        null,
        0,
        0,
        null,
        null,
        2,
        1,
        null,
        null,
        null,
        null,
        1,
        2,
        2,
        2,
        1,
        2,
        1,
        null,
        0,
        0,
        null,
        null,
        2,
        1,
        null,
        null,
        null,
        null,
        1,
        null,
        1,
        6,
        null,
        null
      ],
      "/Users/shailykhamesra/bank_system/app/controllers/application_controller.rb": [
        1,
        1,
        null
      ],
      "/Users/shailykhamesra/bank_system/spec/controllers/banks_controller_spec.rb": [
        1,
        1,
        1,
        1,
        1,
        1,
        null,
        null,
        1,
        1,
        1,
        1,
        1,
        null,
        1,
        1,
        1,
        1,
        null,
        null,
        1,
        1,
        1,
        1,
        null,
        1,
        1,
        1,
        null,
        1,
        1,
        1,
        1,
        null,
        1,
        1,
        1,
        1,
        null,
        1,
        1,
        1,
        1,
        null,
        null,
        1,
        1,
        1,
        1,
        1,
        1,
        1,
        null,
        1,
        1,
        1,
        1,
        null,
        1,
        1,
        1,
        1,
        null,
        1,
        1,
        1,
        1,
        null,
        1,
        1,
        1,
        1,
        null,
        null,
        1,
        1,
        1,
        1,
        1,
        null,
        1,
        1,
        1,
        1,
        null,
        null,
        null,
        null
      ],
      "/Users/shailykhamesra/bank_system/app/controllers/banks_controller.rb": [
        1,
        1,
        1,
        1,
        2,
        1,
        null,
        null,
        null,
        1,
        2,
        2,
        2,
        2,
        1,
        null,
        2,
        1,
        null,
        null,
        null,
        null,
        1,
        0,
        null,
        null,
        1,
        0,
        0,
        0,
        0,
        0,
        null,
        0,
        0,
        null,
        null,
        null,
        null,
        1,
        5,
        5,
        5,
        5,
        2,
        1,
        null,
        8,
        4,
        null,
        null,
        0,
        0,
        null,
        null,
        null,
        null,
        1,
        5,
        5,
        5,
        5,
        2,
        1,
        null,
        6,
        3,
        null,
        null,
        2,
        1,
        null,
        null,
        null,
        null,
        1,
        2,
        2,
        2,
        1,
        2,
        1,
        null,
        0,
        0,
        null,
        null,
        2,
        1,
        null,
        null,
        null,
        null,
        1,
        null,
        1,
        10,
        null,
        null
      ],
      "/Users/shailykhamesra/bank_system/spec/controllers/customers_controller_spec.rb": [
        1,
        1,
        1,
        1,
        1,
        1,
        1,
        1,
        null,
        null,
        1,
        1,
        1,
        1,
        1,
        null,
        1,
        1,
        1,
        1,
        null,
        null,
        1,
        1,
        1,
        1,
        1,
        null,
        1,
        1,
        1,
        null,
        1,
        1,
        1,
        1,
        null,
        1,
        1,
        1,
        1,
        null,
        1,
        1,
        1,
        1,
        null,
        null,
        1,
        1,
        1,
        1,
        1,
        1,
        1,
        null,
        1,
        1,
        1,
        1,
        null,
        1,
        1,
        1,
        1,
        null,
        1,
        1,
        1,
        1,
        null,
        1,
        1,
        1,
        1,
        null,
        null,
        1,
        1,
        1,
        1,
        1,
        null,
        1,
        1,
        1,
        1,
        null,
        null,
        null
      ],
      "/Users/shailykhamesra/bank_system/app/controllers/customers_controller.rb": [
        1,
        1,
        1,
        1,
        2,
        1,
        null,
        null,
        null,
        1,
        2,
        2,
        2,
        2,
        1,
        null,
        2,
        1,
        null,
        null,
        null,
        null,
        1,
        0,
        null,
        null,
        1,
        0,
        0,
        0,
        0,
        0,
        null,
        0,
        0,
        null,
        null,
        null,
        null,
        1,
        5,
        5,
        5,
        5,
        2,
        1,
        null,
        8,
        4,
        null,
        null,
        0,
        0,
        null,
        null,
        null,
        null,
        1,
        5,
        5,
        5,
        5,
        2,
        1,
        null,
        6,
        3,
        null,
        null,
        2,
        1,
        null,
        null,
        null,
        null,
        1,
        2,
        2,
        2,
        1,
        2,
        1,
        null,
        0,
        0,
        null,
        null,
        2,
        1,
        null,
        null,
        null,
        null,
        1,
        null,
        1,
        10,
        null,
        null
      ],
      "/Users/shailykhamesra/bank_system/spec/controllers/loans_controller_spec.rb": [
        1,
        1,
        1,
        1,
        1,
        1,
        1,
        1,
        null,
        null,
        1,
        1,
        1,
        1,
        1,
        null,
        1,
        1,
        1,
        1,
        null,
        null,
        1,
        1,
        1,
        1,
        1,
        null,
        1,
        1,
        1,
        null,
        1,
        1,
        1,
        1,
        null,
        null,
        1,
        1,
        1,
        1,
        1,
        1,
        1,
        null,
        1,
        1,
        1,
        1,
        null,
        null,
        1,
        1,
        1,
        1,
        1,
        null,
        1,
        1,
        1,
        1,
        null,
        null,
        null
      ],
      "/Users/shailykhamesra/bank_system/app/controllers/loans_controller.rb": [
        1,
        1,
        1,
        1,
        2,
        1,
        null,
        null,
        null,
        1,
        2,
        2,
        2,
        2,
        1,
        null,
        2,
        1,
        null,
        null,
        null,
        null,
        1,
        0,
        null,
        null,
        1,
        0,
        0,
        0,
        0,
        0,
        null,
        0,
        0,
        null,
        null,
        null,
        null,
        1,
        3,
        3,
        3,
        3,
        2,
        1,
        null,
        4,
        2,
        null,
        null,
        0,
        0,
        null,
        null,
        null,
        null,
        1,
        2,
        2,
        2,
        2,
        2,
        1,
        null,
        0,
        0,
        null,
        null,
        2,
        1,
        null,
        null,
        null,
        null,
        1,
        2,
        2,
        2,
        1,
        2,
        1,
        null,
        0,
        0,
        null,
        null,
        2,
        1,
        null,
        null,
        null,
        null,
        1,
        null,
        1,
        5,
        null,
        null
      ],
      "/Users/shailykhamesra/bank_system/spec/controllers/lockers_controller_spec.rb": [
        1,
        null,
        1,
        1,
        1,
        1,
        1,
        1,
        1,
        null,
        null,
        1,
        1,
        1,
        1,
        1,
        null,
        1,
        1,
        1,
        1,
        null,
        null,
        1,
        1,
        1,
        1,
        1,
        null,
        1,
        1,
        1,
        null,
        1,
        1,
        1,
        1,
        null,
        null,
        1,
        1,
        1,
        1,
        1,
        1,
        1,
        null,
        1,
        1,
        1,
        1,
        null,
        null,
        1,
        1,
        1,
        1,
        1,
        null,
        1,
        1,
        1,
        1,
        null,
        null,
        null
      ],
      "/Users/shailykhamesra/bank_system/app/controllers/lockers_controller.rb": [
        1,
        1,
        1,
        1,
        2,
        1,
        null,
        null,
        null,
        1,
        2,
        2,
        2,
        2,
        1,
        null,
        2,
        1,
        null,
        null,
        null,
        null,
        1,
        0,
        null,
        null,
        1,
        0,
        0,
        0,
        0,
        0,
        null,
        0,
        0,
        null,
        null,
        null,
        null,
        1,
        3,
        3,
        3,
        3,
        2,
        1,
        null,
        4,
        2,
        null,
        null,
        0,
        0,
        null,
        null,
        null,
        null,
        1,
        2,
        2,
        2,
        2,
        2,
        1,
        null,
        0,
        0,
        null,
        null,
        2,
        1,
        null,
        null,
        null,
        null,
        1,
        2,
        2,
        2,
        1,
        2,
        1,
        null,
        0,
        0,
        null,
        null,
        2,
        1,
        null,
        null,
        null,
        null,
        1,
        null,
        1,
        5,
        null,
        null
      ],
      "/Users/shailykhamesra/bank_system/spec/controllers/transactions_controller_spec.rb": [
        1,
        null,
        1,
        1,
        1,
        1,
        1,
        1,
        1,
        null,
        null,
        1,
        1,
        1,
        1,
        1,
        null,
        1,
        1,
        1,
        1,
        null,
        null,
        1,
        1,
        1,
        1,
        1,
        null,
        1,
        1,
        1,
        null,
        1,
        1,
        1,
        1,
        null,
        null,
        1,
        1,
        1,
        1,
        1,
        1,
        1,
        null,
        1,
        1,
        1,
        1,
        null,
        null,
        1,
        1,
        1,
        1,
        1,
        null,
        1,
        1,
        1,
        1,
        null,
        null,
        null
      ],
      "/Users/shailykhamesra/bank_system/app/controllers/transactions_controller.rb": [
        1,
        1,
        1,
        1,
        2,
        1,
        null,
        null,
        null,
        1,
        2,
        2,
        2,
        2,
        1,
        null,
        2,
        1,
        null,
        null,
        null,
        null,
        1,
        0,
        null,
        null,
        1,
        0,
        0,
        0,
        0,
        0,
        null,
        0,
        0,
        null,
        null,
        null,
        null,
        1,
        3,
        3,
        3,
        3,
        2,
        1,
        null,
        4,
        2,
        null,
        null,
        0,
        0,
        null,
        null,
        null,
        null,
        1,
        2,
        2,
        2,
        2,
        2,
        1,
        null,
        0,
        0,
        null,
        null,
        2,
        1,
        null,
        null,
        null,
        null,
        1,
        2,
        2,
        2,
        1,
        2,
        1,
        null,
        0,
        0,
        null,
        null,
        2,
        1,
        null,
        null,
        null,
        null,
        1,
        null,
        1,
        5,
        null,
        null
      ],
      "/Users/shailykhamesra/bank_system/app/models/account.rb": [
        1,
        1,
        1,
        1,
        1,
        1,
        1,
        null
      ],
      "/Users/shailykhamesra/bank_system/app/models/application_record.rb": [
        1,
        1,
        null
      ],
      "/Users/shailykhamesra/bank_system/app/models/customer.rb": [
        1,
        1,
        1,
        1,
        1,
        1,
        null
      ],
      "/Users/shailykhamesra/bank_system/app/models/bank.rb": [
        1,
        1,
        1,
        1,
        1,
        null
      ],
      "/Users/shailykhamesra/bank_system/app/models/loan.rb": [
        1,
        1,
        1,
        null
      ],
      "/Users/shailykhamesra/bank_system/app/models/locker.rb": [
        1,
        1,
        1,
        null
      ],
      "/Users/shailykhamesra/bank_system/app/models/transaction.rb": [
        1,
        1,
        1,
        null
      ]
    },
    "timestamp": 1516598906
  }
}
